mode: set
github.com/vippsas/summerstudents-backend/internal/database/rizz/models.go:41.94,44.60 1 1
github.com/vippsas/summerstudents-backend/internal/database/rizz/models.go:44.60,47.3 1 1
github.com/vippsas/summerstudents-backend/internal/database/rizz/models.go:48.2,59.25 1 1
github.com/vippsas/summerstudents-backend/internal/database/rizz/models.go:62.92,76.2 1 1
github.com/vippsas/summerstudents-backend/internal/database/rizz/repository.go:16.45,18.2 1 1
github.com/vippsas/summerstudents-backend/internal/database/rizz/repository.go:20.82,22.16 2 0
github.com/vippsas/summerstudents-backend/internal/database/rizz/repository.go:22.16,24.3 1 0
github.com/vippsas/summerstudents-backend/internal/database/rizz/repository.go:25.2,29.16 4 0
github.com/vippsas/summerstudents-backend/internal/database/rizz/repository.go:29.16,30.41 1 0
github.com/vippsas/summerstudents-backend/internal/database/rizz/repository.go:30.41,32.4 1 0
github.com/vippsas/summerstudents-backend/internal/database/rizz/repository.go:33.3,33.18 1 0
github.com/vippsas/summerstudents-backend/internal/database/rizz/repository.go:36.2,39.16 4 0
github.com/vippsas/summerstudents-backend/internal/database/rizz/repository.go:39.16,40.41 1 0
github.com/vippsas/summerstudents-backend/internal/database/rizz/repository.go:40.41,42.4 1 0
github.com/vippsas/summerstudents-backend/internal/database/rizz/repository.go:43.3,43.18 1 0
github.com/vippsas/summerstudents-backend/internal/database/rizz/repository.go:46.2,46.16 1 0
github.com/vippsas/summerstudents-backend/internal/database/rizz/repository.go:46.16,47.41 1 0
github.com/vippsas/summerstudents-backend/internal/database/rizz/repository.go:47.41,49.4 1 0
github.com/vippsas/summerstudents-backend/internal/database/rizz/repository.go:50.3,50.27 1 0
github.com/vippsas/summerstudents-backend/internal/database/rizz/repository.go:50.27,52.4 1 0
github.com/vippsas/summerstudents-backend/internal/database/rizz/repository.go:53.3,53.18 1 0
github.com/vippsas/summerstudents-backend/internal/database/rizz/repository.go:56.2,56.36 1 0
github.com/vippsas/summerstudents-backend/internal/database/rizz/repository.go:56.36,57.41 1 0
github.com/vippsas/summerstudents-backend/internal/database/rizz/repository.go:57.41,59.4 1 0
github.com/vippsas/summerstudents-backend/internal/database/rizz/repository.go:60.3,60.18 1 0
github.com/vippsas/summerstudents-backend/internal/database/rizz/repository.go:63.2,63.79 1 0
github.com/vippsas/summerstudents-backend/internal/database/rizz/repository.go:68.48,70.2 1 0
github.com/vippsas/summerstudents-backend/internal/database/rizz/repository.go:72.60,73.34 1 0
github.com/vippsas/summerstudents-backend/internal/database/rizz/repository.go:73.34,75.3 1 0
github.com/vippsas/summerstudents-backend/internal/database/rizz/repository.go:76.2,76.32 1 0
github.com/vippsas/summerstudents-backend/internal/database/rizz/repository.go:76.32,77.26 1 0
github.com/vippsas/summerstudents-backend/internal/database/rizz/repository.go:77.26,79.4 1 0
github.com/vippsas/summerstudents-backend/internal/database/rizz/repository.go:81.2,81.13 1 0
github.com/vippsas/summerstudents-backend/internal/database/rizz/repository.go:84.118,86.16 2 0
github.com/vippsas/summerstudents-backend/internal/database/rizz/repository.go:86.16,88.3 1 0
github.com/vippsas/summerstudents-backend/internal/database/rizz/repository.go:89.2,89.21 1 0
github.com/vippsas/summerstudents-backend/internal/database/rizz/repository.go:89.21,91.3 1 0
github.com/vippsas/summerstudents-backend/internal/database/rizz/repository.go:93.2,94.16 2 0
github.com/vippsas/summerstudents-backend/internal/database/rizz/repository.go:94.16,96.3 1 0
github.com/vippsas/summerstudents-backend/internal/database/rizz/repository.go:98.2,98.33 1 0
github.com/vippsas/summerstudents-backend/internal/database/rizz/repository.go:98.33,100.3 1 0
github.com/vippsas/summerstudents-backend/internal/database/rizz/repository.go:101.2,101.30 1 0
github.com/vippsas/summerstudents-backend/internal/database/rizz/repository.go:101.30,103.3 1 0
github.com/vippsas/summerstudents-backend/internal/database/rizz/repository.go:104.2,104.32 1 0
github.com/vippsas/summerstudents-backend/internal/database/rizz/repository.go:104.32,106.3 1 0
github.com/vippsas/summerstudents-backend/internal/database/rizz/repository.go:107.2,107.28 1 0
github.com/vippsas/summerstudents-backend/internal/database/rizz/repository.go:107.28,109.3 1 0
github.com/vippsas/summerstudents-backend/internal/database/rizz/repository.go:110.2,110.29 1 0
github.com/vippsas/summerstudents-backend/internal/database/rizz/repository.go:110.29,112.3 1 0
github.com/vippsas/summerstudents-backend/internal/database/rizz/repository.go:113.2,113.36 1 0
github.com/vippsas/summerstudents-backend/internal/database/rizz/repository.go:113.36,115.3 1 0
github.com/vippsas/summerstudents-backend/internal/database/rizz/repository.go:116.2,116.33 1 0
github.com/vippsas/summerstudents-backend/internal/database/rizz/repository.go:116.33,118.3 1 0
github.com/vippsas/summerstudents-backend/internal/database/rizz/repository.go:119.2,119.34 1 0
github.com/vippsas/summerstudents-backend/internal/database/rizz/repository.go:119.34,121.3 1 0
github.com/vippsas/summerstudents-backend/internal/database/rizz/repository.go:123.2,123.29 1 0
github.com/vippsas/summerstudents-backend/internal/database/rizz/repository.go:123.29,125.3 1 0
github.com/vippsas/summerstudents-backend/internal/database/rizz/repository.go:127.2,128.16 2 0
github.com/vippsas/summerstudents-backend/internal/database/rizz/repository.go:128.16,130.3 1 0
github.com/vippsas/summerstudents-backend/internal/database/rizz/repository.go:131.2,131.27 1 0
github.com/vippsas/summerstudents-backend/internal/database/rizz/repository.go:131.27,132.53 1 0
github.com/vippsas/summerstudents-backend/internal/database/rizz/repository.go:132.53,133.74 1 0
github.com/vippsas/summerstudents-backend/internal/database/rizz/repository.go:133.74,134.44 1 0
github.com/vippsas/summerstudents-backend/internal/database/rizz/repository.go:134.44,136.6 1 0
github.com/vippsas/summerstudents-backend/internal/database/rizz/repository.go:137.5,137.20 1 0
github.com/vippsas/summerstudents-backend/internal/database/rizz/repository.go:139.4,139.82 1 0
github.com/vippsas/summerstudents-backend/internal/database/rizz/repository.go:139.82,140.44 1 0
github.com/vippsas/summerstudents-backend/internal/database/rizz/repository.go:140.44,142.6 1 0
github.com/vippsas/summerstudents-backend/internal/database/rizz/repository.go:143.5,143.20 1 0
github.com/vippsas/summerstudents-backend/internal/database/rizz/repository.go:148.2,165.16 3 0
github.com/vippsas/summerstudents-backend/internal/database/rizz/repository.go:165.16,166.42 1 0
github.com/vippsas/summerstudents-backend/internal/database/rizz/repository.go:166.42,168.4 1 0
github.com/vippsas/summerstudents-backend/internal/database/rizz/repository.go:169.3,169.18 1 0
github.com/vippsas/summerstudents-backend/internal/database/rizz/repository.go:171.2,173.16 2 0
github.com/vippsas/summerstudents-backend/internal/database/rizz/repository.go:173.16,174.42 1 0
github.com/vippsas/summerstudents-backend/internal/database/rizz/repository.go:174.42,176.4 1 0
github.com/vippsas/summerstudents-backend/internal/database/rizz/repository.go:177.3,177.18 1 0
github.com/vippsas/summerstudents-backend/internal/database/rizz/repository.go:180.2,180.23 1 0
github.com/vippsas/summerstudents-backend/internal/database/rizz/repository.go:180.23,181.42 1 0
github.com/vippsas/summerstudents-backend/internal/database/rizz/repository.go:181.42,183.4 1 0
github.com/vippsas/summerstudents-backend/internal/database/rizz/repository.go:184.3,184.39 1 0
github.com/vippsas/summerstudents-backend/internal/database/rizz/repository.go:187.2,187.37 1 0
github.com/vippsas/summerstudents-backend/internal/database/rizz/repository.go:187.37,188.42 1 0
github.com/vippsas/summerstudents-backend/internal/database/rizz/repository.go:188.42,190.4 1 0
github.com/vippsas/summerstudents-backend/internal/database/rizz/repository.go:191.3,191.18 1 0
github.com/vippsas/summerstudents-backend/internal/database/rizz/repository.go:194.2,194.70 1 0
github.com/vippsas/summerstudents-backend/internal/database/rizz/repository.go:197.79,199.16 2 1
github.com/vippsas/summerstudents-backend/internal/database/rizz/repository.go:199.16,201.3 1 0
github.com/vippsas/summerstudents-backend/internal/database/rizz/repository.go:203.2,204.16 2 1
github.com/vippsas/summerstudents-backend/internal/database/rizz/repository.go:204.16,206.3 1 0
github.com/vippsas/summerstudents-backend/internal/database/rizz/repository.go:208.2,208.21 1 1
github.com/vippsas/summerstudents-backend/internal/database/rizz/repository.go:208.21,210.3 1 1
github.com/vippsas/summerstudents-backend/internal/database/rizz/repository.go:212.2,212.62 1 1
github.com/vippsas/summerstudents-backend/internal/database/rizz/repository.go:215.68,223.16 4 1
github.com/vippsas/summerstudents-backend/internal/database/rizz/repository.go:223.16,224.27 1 0
github.com/vippsas/summerstudents-backend/internal/database/rizz/repository.go:224.27,226.4 1 0
github.com/vippsas/summerstudents-backend/internal/database/rizz/repository.go:226.9,228.4 1 0
github.com/vippsas/summerstudents-backend/internal/database/rizz/repository.go:231.2,232.37 2 1
github.com/vippsas/summerstudents-backend/internal/database/rizz/repository.go:232.37,234.17 2 1
github.com/vippsas/summerstudents-backend/internal/database/rizz/repository.go:234.17,236.4 1 0
github.com/vippsas/summerstudents-backend/internal/database/rizz/repository.go:237.3,237.88 1 1
github.com/vippsas/summerstudents-backend/internal/database/rizz/repository.go:240.2,240.26 1 1
github.com/vippsas/summerstudents-backend/internal/database/rizz/repository.go:243.74,249.16 4 1
github.com/vippsas/summerstudents-backend/internal/database/rizz/repository.go:249.16,250.27 1 1
github.com/vippsas/summerstudents-backend/internal/database/rizz/repository.go:250.27,253.4 1 1
github.com/vippsas/summerstudents-backend/internal/database/rizz/repository.go:253.9,256.4 1 0
github.com/vippsas/summerstudents-backend/internal/database/rizz/repository.go:258.2,258.23 1 1
github.com/vippsas/summerstudents-backend/internal/database/rizz/repository.go:261.83,267.16 4 1
github.com/vippsas/summerstudents-backend/internal/database/rizz/repository.go:267.16,268.27 1 0
github.com/vippsas/summerstudents-backend/internal/database/rizz/repository.go:268.27,271.4 1 0
github.com/vippsas/summerstudents-backend/internal/database/rizz/repository.go:271.9,274.4 1 0
github.com/vippsas/summerstudents-backend/internal/database/rizz/repository.go:277.2,277.20 1 1
github.com/vippsas/summerstudents-backend/internal/database/rizz/repository.go:280.96,282.32 2 1
github.com/vippsas/summerstudents-backend/internal/database/rizz/repository.go:282.32,289.17 2 1
github.com/vippsas/summerstudents-backend/internal/database/rizz/repository.go:289.17,291.4 1 0
github.com/vippsas/summerstudents-backend/internal/database/rizz/repository.go:293.2,293.12 1 1
github.com/vippsas/summerstudents-backend/internal/database/rizz/repository.go:296.77,304.2 3 1
github.com/vippsas/summerstudents-backend/internal/database/rizz/repository.go:309.49,311.2 1 1
github.com/vippsas/summerstudents-backend/internal/database/rizz/repository.go:313.73,315.16 2 1
github.com/vippsas/summerstudents-backend/internal/database/rizz/repository.go:315.16,317.3 1 1
github.com/vippsas/summerstudents-backend/internal/database/rizz/repository.go:318.2,319.16 2 1
github.com/vippsas/summerstudents-backend/internal/database/rizz/repository.go:319.16,321.3 1 0
github.com/vippsas/summerstudents-backend/internal/database/rizz/repository.go:322.2,322.56 1 1
github.com/vippsas/summerstudents-backend/internal/database/rizz/repository.go:322.56,323.41 1 1
github.com/vippsas/summerstudents-backend/internal/database/rizz/repository.go:323.41,325.4 1 0
github.com/vippsas/summerstudents-backend/internal/database/rizz/repository.go:326.3,326.35 1 1
github.com/vippsas/summerstudents-backend/internal/database/rizz/repository.go:328.2,328.80 1 1
github.com/vippsas/summerstudents-backend/internal/database/rizz/repository.go:328.80,329.41 1 0
github.com/vippsas/summerstudents-backend/internal/database/rizz/repository.go:329.41,331.4 1 0
github.com/vippsas/summerstudents-backend/internal/database/rizz/repository.go:332.3,332.13 1 0
github.com/vippsas/summerstudents-backend/internal/database/rizz/repository.go:334.2,334.36 1 1
github.com/vippsas/summerstudents-backend/internal/database/rizz/repository.go:334.36,335.41 1 0
github.com/vippsas/summerstudents-backend/internal/database/rizz/repository.go:335.41,337.4 1 0
github.com/vippsas/summerstudents-backend/internal/database/rizz/repository.go:338.3,338.13 1 0
github.com/vippsas/summerstudents-backend/internal/database/rizz/repository.go:340.2,340.12 1 1
github.com/vippsas/summerstudents-backend/internal/database/rizz/repository.go:343.95,350.16 3 1
github.com/vippsas/summerstudents-backend/internal/database/rizz/repository.go:350.16,352.3 1 0
github.com/vippsas/summerstudents-backend/internal/database/rizz/repository.go:353.2,353.18 1 1
github.com/vippsas/summerstudents-backend/internal/database/rizz/repository.go:353.18,354.36 1 0
github.com/vippsas/summerstudents-backend/internal/database/rizz/repository.go:354.36,356.4 1 0
github.com/vippsas/summerstudents-backend/internal/database/rizz/repository.go:357.3,357.44 1 0
github.com/vippsas/summerstudents-backend/internal/database/rizz/repository.go:359.2,360.39 2 1
github.com/vippsas/summerstudents-backend/internal/database/rizz/repository.go:360.39,362.3 1 0
github.com/vippsas/summerstudents-backend/internal/database/rizz/repository.go:363.2,363.16 1 1
github.com/vippsas/summerstudents-backend/internal/database/rizz/repository.go:368.45,370.2 1 0
github.com/vippsas/summerstudents-backend/internal/database/rizz/repository.go:372.81,376.16 4 1
github.com/vippsas/summerstudents-backend/internal/database/rizz/repository.go:376.16,377.27 1 0
github.com/vippsas/summerstudents-backend/internal/database/rizz/repository.go:377.27,379.4 1 0
github.com/vippsas/summerstudents-backend/internal/database/rizz/repository.go:380.3,380.18 1 0
github.com/vippsas/summerstudents-backend/internal/database/rizz/repository.go:383.2,383.60 1 1
github.com/vippsas/summerstudents-backend/internal/database/rizz/repository.go:386.63,394.16 4 0
github.com/vippsas/summerstudents-backend/internal/database/rizz/repository.go:394.16,396.3 1 0
github.com/vippsas/summerstudents-backend/internal/database/rizz/repository.go:397.2,398.16 2 0
github.com/vippsas/summerstudents-backend/internal/database/rizz/repository.go:398.16,400.3 1 0
github.com/vippsas/summerstudents-backend/internal/database/rizz/repository.go:401.2,401.23 1 0
github.com/vippsas/summerstudents-backend/internal/database/rizz/repository.go:401.23,403.3 1 0
github.com/vippsas/summerstudents-backend/internal/database/rizz/repository.go:404.2,404.12 1 0
github.com/vippsas/summerstudents-backend/internal/database/rizz/repository.go:407.139,411.16 4 1
github.com/vippsas/summerstudents-backend/internal/database/rizz/repository.go:411.16,414.3 1 0
github.com/vippsas/summerstudents-backend/internal/database/rizz/repository.go:415.2,415.45 1 1
github.com/vippsas/summerstudents-backend/internal/database/rizz/repository.go:415.45,417.3 1 1
github.com/vippsas/summerstudents-backend/internal/database/rizz/repository.go:418.2,418.52 1 1
github.com/vippsas/summerstudents-backend/internal/database/rizz/repository.go:418.52,420.3 1 0
github.com/vippsas/summerstudents-backend/internal/database/rizz/repository.go:421.2,421.51 1 1
github.com/vippsas/summerstudents-backend/internal/database/rizz/repository.go:421.51,423.3 1 0
github.com/vippsas/summerstudents-backend/internal/database/rizz/repository.go:424.2,424.45 1 1
github.com/vippsas/summerstudents-backend/internal/database/rizz/repository.go:424.45,425.77 1 1
github.com/vippsas/summerstudents-backend/internal/database/rizz/repository.go:425.77,427.4 1 1
github.com/vippsas/summerstudents-backend/internal/database/rizz/repository.go:428.3,428.72 1 1
github.com/vippsas/summerstudents-backend/internal/database/rizz/repository.go:430.2,430.103 1 1
github.com/vippsas/summerstudents-backend/internal/database/rizz/repository.go:430.103,432.3 1 0
github.com/vippsas/summerstudents-backend/internal/database/rizz/repository.go:433.2,446.16 3 1
github.com/vippsas/summerstudents-backend/internal/database/rizz/repository.go:446.16,448.3 1 0
github.com/vippsas/summerstudents-backend/internal/database/rizz/repository.go:449.2,450.16 2 1
github.com/vippsas/summerstudents-backend/internal/database/rizz/repository.go:450.16,452.3 1 0
github.com/vippsas/summerstudents-backend/internal/database/rizz/repository.go:453.2,453.23 1 1
github.com/vippsas/summerstudents-backend/internal/database/rizz/repository.go:453.23,455.3 1 0
github.com/vippsas/summerstudents-backend/internal/database/rizz/repository.go:455.8,455.29 1 1
github.com/vippsas/summerstudents-backend/internal/database/rizz/repository.go:455.29,457.3 1 0
github.com/vippsas/summerstudents-backend/internal/database/rizz/repository.go:458.2,458.75 1 1
github.com/vippsas/summerstudents-backend/internal/database/rizz/repository.go:461.100,466.16 4 1
github.com/vippsas/summerstudents-backend/internal/database/rizz/repository.go:466.16,468.3 1 0
github.com/vippsas/summerstudents-backend/internal/database/rizz/repository.go:470.2,470.24 1 1
github.com/vippsas/summerstudents-backend/internal/database/rizz/repository.go:473.89,478.16 4 0
github.com/vippsas/summerstudents-backend/internal/database/rizz/repository.go:478.16,480.3 1 0
github.com/vippsas/summerstudents-backend/internal/database/rizz/repository.go:482.2,482.12 1 0
github.com/vippsas/summerstudents-backend/internal/database/rizz/repository.go:485.79,487.39 2 1
github.com/vippsas/summerstudents-backend/internal/database/rizz/repository.go:487.39,489.3 1 1
github.com/vippsas/summerstudents-backend/internal/database/rizz/repository.go:489.8,491.3 1 0
github.com/vippsas/summerstudents-backend/internal/database/rizz/repository.go:493.2,503.3 1 1
github.com/vippsas/summerstudents-backend/internal/database/rizz/repository.go:506.90,520.2 1 1
github.com/vippsas/summerstudents-backend/internal/database/rizz/repository.go:522.94,529.16 4 0
github.com/vippsas/summerstudents-backend/internal/database/rizz/repository.go:529.16,531.3 1 0
github.com/vippsas/summerstudents-backend/internal/database/rizz/repository.go:533.2,535.39 2 0
github.com/vippsas/summerstudents-backend/internal/database/rizz/repository.go:535.39,537.3 1 0
github.com/vippsas/summerstudents-backend/internal/database/rizz/repository.go:538.2,538.20 1 0
github.com/vippsas/summerstudents-backend/internal/database/rizz/setup.go:10.57,23.16 3 1
github.com/vippsas/summerstudents-backend/internal/database/rizz/setup.go:23.16,25.3 1 0
github.com/vippsas/summerstudents-backend/internal/database/rizz/setup.go:27.2,30.26 3 1
github.com/vippsas/summerstudents-backend/internal/database/rizz/setup.go:30.26,34.32 2 1
github.com/vippsas/summerstudents-backend/internal/database/rizz/setup.go:34.32,37.18 3 1
github.com/vippsas/summerstudents-backend/internal/database/rizz/setup.go:37.18,39.5 1 0
github.com/vippsas/summerstudents-backend/internal/database/rizz/setup.go:42.3,42.13 1 1
github.com/vippsas/summerstudents-backend/internal/database/rizz/setup.go:45.2,47.27 2 1
github.com/vippsas/summerstudents-backend/internal/handlers/health.go:5.60,7.2 1 1
